{"ts":"2025-10-23T06:32:16.468Z","event":"client.login.submit","from":"client","email":"admin@metavr.com","rememberMe":false}
{"ts":"2025-10-23T06:32:16.886Z","event":"auth.login.request","ip":"::1","body":{"email":"admin@metavr.com","rememberMe":false}}
{"ts":"2025-10-23T06:32:18.642Z","event":"auth.login.invalid_password","email":"admin@metavr.com","ms":1768}
{"ts":"2025-10-23T06:32:18.654Z","event":"client.login.response","from":"client","ok":false,"status":401}
{"ts":"2025-10-23T06:32:18.668Z","event":"client.login.invalid_credentials","from":"client"}
{"ts":"2025-10-23T07:22:11.725Z","event":"client.login.submit","from":"client","email":"admin@metavr.com","rememberMe":false}
{"ts":"2025-10-23T07:22:12.530Z","event":"auth.login.request","ip":"::1","body":{"email":"admin@metavr.com","rememberMe":false}}
{"ts":"2025-10-23T07:22:14.634Z","event":"auth.login.invalid_password","email":"admin@metavr.com","ms":2111}
{"ts":"2025-10-23T07:22:14.646Z","event":"client.login.response","from":"client","ok":false,"status":401}
{"ts":"2025-10-23T07:22:14.660Z","event":"client.login.invalid_credentials","from":"client"}
{"ts":"2025-10-23T07:22:20.772Z","event":"client.login.submit","from":"client","email":"admin@metavr.com","rememberMe":false}
{"ts":"2025-10-23T07:22:20.784Z","event":"auth.login.request","ip":"::1","body":{"email":"admin@metavr.com","rememberMe":false}}
{"ts":"2025-10-23T07:22:22.216Z","event":"auth.login.handshake_issued","email":"admin@metavr.com","userId":"admin-user","role":"admin","ms":1432}
{"ts":"2025-10-23T07:22:22.227Z","event":"client.login.response","from":"client","ok":true,"status":200}
{"ts":"2025-10-23T07:22:22.237Z","event":"client.login.handshake_token","from":"client","hasToken":true}
{"ts":"2025-10-23T07:22:22.249Z","event":"client.login.navigate_handshake","from":"client"}
{"ts":"2025-10-23T07:22:22.463Z","event":"auth.handshake.success","userId":"admin-user","role":"admin","ms":4}
{"ts":"2025-10-23T07:22:25.808Z","event":"applications.list.success","userId":"admin-user","count":13,"filters":{"status":null,"platform":null}}
{"ts":"2025-10-23T07:24:35.372Z","event":"client.login.submit","from":"client","email":"admin@metavr.com","rememberMe":false}
{"ts":"2025-10-23T07:24:35.393Z","event":"auth.login.request","ip":"::1","body":{"email":"admin@metavr.com","rememberMe":false}}
{"ts":"2025-10-23T07:24:36.846Z","event":"auth.login.handshake_issued","email":"admin@metavr.com","userId":"admin-user","role":"admin","ms":1455}
{"ts":"2025-10-23T07:24:36.857Z","event":"client.login.response","from":"client","ok":true,"status":200}
{"ts":"2025-10-23T07:24:36.870Z","event":"client.login.handshake_token","from":"client","hasToken":true}
{"ts":"2025-10-23T07:24:36.879Z","event":"client.login.navigate_handshake","from":"client"}
{"ts":"2025-10-23T07:24:36.893Z","event":"auth.handshake.success","userId":"admin-user","role":"admin","ms":2}
{"ts":"2025-10-23T07:24:38.959Z","event":"applications.list.success","userId":"admin-user","count":13,"filters":{"status":null,"platform":null}}
{"ts":"2025-10-23T07:41:14.201Z","event":"client.login.submit","from":"client","email":"admin@metavr.com","rememberMe":false}
{"ts":"2025-10-23T07:41:17.367Z","event":"client.login.response","from":"client","ok":false,"status":500}
{"ts":"2025-10-23T07:41:17.388Z","event":"client.login.invalid_credentials","from":"client"}
{"ts":"2025-10-23T07:41:45.554Z","event":"client.login.submit","from":"client","email":"admin@metavr.com","rememberMe":false}
{"ts":"2025-10-23T07:41:45.829Z","event":"client.login.response","from":"client","ok":false,"status":500}
{"ts":"2025-10-23T07:41:45.851Z","event":"client.login.invalid_credentials","from":"client"}
{"ts":"2025-10-23T07:41:48.359Z","event":"client.login.submit","from":"client","email":"admin@metavr.com","rememberMe":false}
{"ts":"2025-10-23T07:41:48.398Z","event":"client.login.response","from":"client","ok":false,"status":500}
{"ts":"2025-10-23T07:41:48.417Z","event":"client.login.invalid_credentials","from":"client"}
{"ts":"2025-10-23T08:05:58.468Z","event":"client.login.submit","from":"client","email":"admin@metavr.com","rememberMe":false}
{"ts":"2025-10-23T08:06:00.291Z","event":"client.login.response","from":"client","ok":false,"status":500}
{"ts":"2025-10-23T08:06:00.308Z","event":"client.login.invalid_credentials","from":"client"}
{"ts":"2025-10-23T08:06:59.995Z","event":"client.login.submit","from":"client","email":"admin@metavr.com","rememberMe":false}
{"ts":"2025-10-23T08:07:00.053Z","event":"client.login.response","from":"client","ok":false,"status":500}
{"ts":"2025-10-23T08:07:00.068Z","event":"client.login.invalid_credentials","from":"client"}
{"ts":"2025-10-23T08:09:59.761Z","event":"client.login.submit","from":"client","email":"admin@metavr.com","rememberMe":false}
{"ts":"2025-10-23T08:10:00.318Z","event":"auth.login.request","ip":"::1","body":{"email":"admin@metavr.com","rememberMe":false}}
{"ts":"2025-10-23T08:10:01.246Z","event":"auth.login.handshake_issued","email":"admin@metavr.com","userId":"admin-user","role":"admin","ms":930}
{"ts":"2025-10-23T08:10:01.266Z","event":"client.login.response","from":"client","ok":true,"status":200}
{"ts":"2025-10-23T08:10:01.282Z","event":"client.login.handshake_token","from":"client","hasToken":true}
{"ts":"2025-10-23T08:10:01.295Z","event":"client.login.navigate_handshake","from":"client"}
{"ts":"2025-10-23T08:10:01.533Z","event":"auth.handshake.success","userId":"admin-user","role":"admin","ms":4}
{"ts":"2025-10-23T08:10:05.588Z","event":"applications.list.success","userId":"admin-user","count":13,"filters":{"status":null,"platform":null}}
{"ts":"2025-10-23T08:15:24.450Z","event":"client.login.submit","from":"client","email":"admin@metavr.com","rememberMe":false}
{"ts":"2025-10-23T08:15:24.465Z","event":"auth.login.request","ip":"::1","body":{"email":"admin@metavr.com","rememberMe":false}}
{"ts":"2025-10-23T08:15:25.543Z","event":"auth.login.handshake_issued","email":"admin@metavr.com","userId":"admin-user","role":"admin","ms":1079}
{"ts":"2025-10-23T08:15:25.554Z","event":"client.login.response","from":"client","ok":true,"status":200}
{"ts":"2025-10-23T08:15:25.565Z","event":"client.login.handshake_token","from":"client","hasToken":true}
{"ts":"2025-10-23T08:15:25.576Z","event":"client.login.navigate_handshake","from":"client"}
{"ts":"2025-10-23T08:15:25.586Z","event":"auth.handshake.success","userId":"admin-user","role":"admin","ms":2}
{"ts":"2025-10-23T08:15:27.524Z","event":"applications.list.success","userId":"admin-user","count":13,"filters":{"status":null,"platform":null}}
{"ts":"2025-10-23T10:27:41.720Z","event":"applications.list.success","userId":"admin-user","count":13,"filters":{"status":null,"platform":null}}
{"ts":"2025-10-23T10:49:45.556Z","event":"client.login.submit","from":"client","email":"admin@metavr.com","rememberMe":false}
{"ts":"2025-10-23T10:49:45.904Z","event":"auth.login.request","ip":"::1","body":{"email":"admin@metavr.com","rememberMe":false}}
{"ts":"2025-10-23T10:49:46.949Z","event":"auth.login.handshake_issued","email":"admin@metavr.com","userId":"admin-user","role":"admin","ms":1054}
{"ts":"2025-10-23T10:49:46.967Z","event":"client.login.response","from":"client","ok":true,"status":200}
{"ts":"2025-10-23T10:49:46.987Z","event":"client.login.handshake_token","from":"client","hasToken":true}
{"ts":"2025-10-23T10:49:47.011Z","event":"client.login.navigate_handshake","from":"client"}
{"ts":"2025-10-23T10:49:47.308Z","event":"auth.handshake.success","userId":"admin-user","role":"admin","ms":6}
{"ts":"2025-10-23T10:49:49.787Z","event":"applications.list.success","userId":"admin-user","count":16,"filters":{"status":null,"platform":null}}
{"ts":"2025-10-23T10:50:17.590Z","event":"email.queue","type":"approval_welcome","to":"john.smith@testcompany.com","applicationId":"1","temporaryPasswordProvided":true}
{"ts":"2025-10-23T10:50:25.223Z","event":"applications.list.success","userId":"admin-user","count":16,"filters":{"status":null,"platform":null}}
{"ts":"2025-10-23T10:50:25.772Z","event":"applications.list.success","userId":"admin-user","count":16,"filters":{"status":null,"platform":null}}
{"ts":"2025-10-23T10:50:26.056Z","event":"applications.list.success","userId":"admin-user","count":16,"filters":{"status":null,"platform":null}}
{"ts":"2025-10-23T10:50:26.594Z","event":"applications.list.success","userId":"admin-user","count":16,"filters":{"status":null,"platform":null}}
{"ts":"2025-10-23T10:50:35.712Z","event":"applications.list.success","userId":"admin-user","count":16,"filters":{"status":null,"platform":null}}
{"ts":"2025-10-23T10:51:48.115Z","event":"applications.list.success","userId":"admin-user","count":16,"filters":{"status":null,"platform":null}}
{"ts":"2025-10-23T10:51:59.395Z","event":"applications.list.success","userId":"admin-user","count":16,"filters":{"status":null,"platform":null}}
{"ts":"2025-10-23T10:53:08.770Z","event":"applications.list.success","userId":"admin-user","count":16,"filters":{"status":null,"platform":null}}
{"ts":"2025-10-23T10:53:11.479Z","event":"client.login.submit","from":"client","email":"admin@metavr.com","rememberMe":false}
{"ts":"2025-10-23T10:53:11.505Z","event":"auth.login.request","ip":"::1","body":{"email":"admin@metavr.com","rememberMe":false}}
{"ts":"2025-10-23T10:53:12.484Z","event":"auth.login.handshake_issued","email":"admin@metavr.com","userId":"admin-user","role":"admin","ms":984}
{"ts":"2025-10-23T10:53:12.508Z","event":"client.login.response","from":"client","ok":true,"status":200}
{"ts":"2025-10-23T10:53:12.537Z","event":"client.login.handshake_token","from":"client","hasToken":true}
{"ts":"2025-10-23T10:53:12.570Z","event":"client.login.navigate_handshake","from":"client"}
{"ts":"2025-10-23T10:53:12.609Z","event":"auth.handshake.success","userId":"admin-user","role":"admin","ms":5}
{"ts":"2025-10-23T10:53:14.935Z","event":"applications.list.success","userId":"admin-user","count":16,"filters":{"status":null,"platform":null}}
{"ts":"2025-10-23T10:53:48.526Z","event":"applications.list.success","userId":"admin-user","count":16,"filters":{"status":null,"platform":null}}
{"ts":"2025-10-23T10:53:49.097Z","event":"applications.list.success","userId":"admin-user","count":16,"filters":{"status":null,"platform":null}}
{"ts":"2025-10-23T10:53:49.357Z","event":"applications.list.success","userId":"admin-user","count":16,"filters":{"status":null,"platform":null}}
{"ts":"2025-10-23T10:53:49.922Z","event":"applications.list.success","userId":"admin-user","count":16,"filters":{"status":null,"platform":null}}
{"ts":"2025-10-23T10:56:32.571Z","event":"applications.list.success","userId":"admin-user","count":16,"filters":{"status":null,"platform":null}}
{"ts":"2025-10-23T10:56:33.101Z","event":"applications.list.success","userId":"admin-user","count":16,"filters":{"status":null,"platform":null}}
{"ts":"2025-10-23T10:56:33.396Z","event":"applications.list.success","userId":"admin-user","count":16,"filters":{"status":null,"platform":null}}
{"ts":"2025-10-23T10:56:33.945Z","event":"applications.list.success","userId":"admin-user","count":16,"filters":{"status":null,"platform":null}}
{"ts":"2025-10-23T10:57:03.806Z","event":"applications.list.success","userId":"admin-user","count":16,"filters":{"status":null,"platform":null}}
{"ts":"2025-10-23T10:59:09.747Z","event":"applications.list.success","userId":"admin-user","count":16,"filters":{"status":null,"platform":null}}
{"ts":"2025-10-23T11:01:46.021Z","event":"applications.list.success","userId":"admin-user","count":19,"filters":{"status":null,"platform":null}}
{"ts":"2025-10-23T11:02:36.077Z","event":"applications.list.success","userId":"admin-user","count":19,"filters":{"status":null,"platform":null}}
{"ts":"2025-10-23T11:02:36.654Z","event":"applications.list.success","userId":"admin-user","count":19,"filters":{"status":null,"platform":null}}
{"ts":"2025-10-23T11:02:36.942Z","event":"applications.list.success","userId":"admin-user","count":19,"filters":{"status":null,"platform":null}}
{"ts":"2025-10-23T11:02:37.495Z","event":"applications.list.success","userId":"admin-user","count":19,"filters":{"status":null,"platform":null}}
{"ts":"2025-10-23T11:02:40.210Z","event":"applications.delete_all.success","userId":"admin-user","deletedCount":19}
{"ts":"2025-10-23T11:02:40.465Z","event":"applications.list.success","userId":"admin-user","count":0,"filters":{"status":null,"platform":null}}
{"ts":"2025-10-23T11:02:53.204Z","event":"applications.create.success","userId":"admin-user","newAppId":"eY3vsVpmIM217siufxIA","name":"rvdsf","platform":"desktop"}
{"ts":"2025-10-23T11:02:53.513Z","event":"applications.list.success","userId":"admin-user","count":1,"filters":{"status":null,"platform":null}}
{"ts":"2025-10-23T11:39:37.834Z","event":"client.login.submit","from":"client","email":"admin@metavr.com","rememberMe":false}
{"ts":"2025-10-23T11:39:38.164Z","event":"auth.login.request","ip":"::1","body":{"email":"admin@metavr.com","rememberMe":false}}
{"ts":"2025-10-23T11:39:39.679Z","event":"auth.login.handshake_issued","email":"admin@metavr.com","userId":"admin-user","role":"admin","ms":1519}
{"ts":"2025-10-23T11:39:39.703Z","event":"client.login.response","from":"client","ok":true,"status":200}
{"ts":"2025-10-23T11:39:39.728Z","event":"client.login.handshake_token","from":"client","hasToken":true}
{"ts":"2025-10-23T11:39:39.755Z","event":"client.login.navigate_handshake","from":"client"}
{"ts":"2025-10-23T11:39:39.863Z","event":"auth.handshake.success","userId":"admin-user","role":"admin","ms":8}
{"ts":"2025-10-23T11:39:42.702Z","event":"applications.list.success","userId":"admin-user","count":1,"filters":{"status":null,"platform":null}}
{"ts":"2025-10-23T11:40:18.085Z","event":"applications.list.success","userId":"admin-user","count":1,"filters":{"status":null,"platform":null}}
{"ts":"2025-10-23T11:40:18.644Z","event":"applications.list.success","userId":"admin-user","count":1,"filters":{"status":null,"platform":null}}
{"ts":"2025-10-23T11:40:18.901Z","event":"applications.list.success","userId":"admin-user","count":1,"filters":{"status":null,"platform":null}}
{"ts":"2025-10-23T11:40:19.463Z","event":"applications.list.success","userId":"admin-user","count":1,"filters":{"status":null,"platform":null}}
{"ts":"2025-10-23T11:44:06.950Z","event":"applications.list.success","userId":"admin-user","count":1,"filters":{"status":null,"platform":null}}
{"ts":"2025-10-23T11:45:51.409Z","event":"applications.list.success","userId":"admin-user","count":1,"filters":{"status":null,"platform":null}}
{"ts":"2025-10-23T11:45:51.958Z","event":"applications.list.success","userId":"admin-user","count":1,"filters":{"status":null,"platform":null}}
{"ts":"2025-10-23T11:46:22.800Z","event":"applications.list.success","userId":"admin-user","count":1,"filters":{"status":null,"platform":null}}
{"ts":"2025-10-23T11:46:23.338Z","event":"applications.list.success","userId":"admin-user","count":1,"filters":{"status":null,"platform":null}}
{"ts":"2025-10-23T11:52:10.348Z","event":"applications.list.success","userId":"admin-user","count":1,"filters":{"status":null,"platform":null}}
{"ts":"2025-10-23T11:53:24.620Z","event":"client.login.submit","from":"client","email":"admin@metavr.com","rememberMe":false}
{"ts":"2025-10-23T11:53:24.643Z","event":"auth.login.request","ip":"::1","body":{"email":"admin@metavr.com","rememberMe":false}}
{"ts":"2025-10-23T11:53:25.680Z","event":"auth.login.handshake_issued","email":"admin@metavr.com","userId":"admin-user","role":"admin","ms":1037}
{"ts":"2025-10-23T11:53:25.703Z","event":"client.login.response","from":"client","ok":true,"status":200}
{"ts":"2025-10-23T11:53:25.725Z","event":"client.login.handshake_token","from":"client","hasToken":true}
{"ts":"2025-10-23T11:53:25.745Z","event":"client.login.navigate_handshake","from":"client"}
{"ts":"2025-10-23T11:53:25.768Z","event":"auth.handshake.success","userId":"admin-user","role":"admin","ms":4}
{"ts":"2025-10-23T11:53:28.587Z","event":"applications.list.success","userId":"admin-user","count":1,"filters":{"status":null,"platform":null}}
{"ts":"2025-10-23T11:54:03.120Z","event":"applications.list.success","userId":"admin-user","count":1,"filters":{"status":null,"platform":null}}
{"ts":"2025-10-23T11:54:03.679Z","event":"applications.list.success","userId":"admin-user","count":1,"filters":{"status":null,"platform":null}}
{"ts":"2025-10-23T11:54:03.947Z","event":"applications.list.success","userId":"admin-user","count":1,"filters":{"status":null,"platform":null}}
{"ts":"2025-10-23T11:54:04.484Z","event":"applications.list.success","userId":"admin-user","count":1,"filters":{"status":null,"platform":null}}
{"ts":"2025-10-23T11:55:16.863Z","event":"applications.delete.success","userId":"admin-user","deletedAppId":"eY3vsVpmIM217siufxIA","deletedAppName":"rvdsf"}
{"ts":"2025-10-23T11:55:17.140Z","event":"applications.list.success","userId":"admin-user","count":0,"filters":{"status":null,"platform":null}}
{"ts":"2025-10-23T11:56:39.230Z","event":"client.login.submit","from":"client","email":"admin@metavr.com","rememberMe":false}
{"ts":"2025-10-23T11:56:39.250Z","event":"auth.login.request","ip":"::1","body":{"email":"admin@metavr.com","rememberMe":false}}
{"ts":"2025-10-23T11:56:40.241Z","event":"auth.login.handshake_issued","email":"admin@metavr.com","userId":"admin-user","role":"admin","ms":993}
{"ts":"2025-10-23T11:56:40.255Z","event":"client.login.response","from":"client","ok":true,"status":200}
{"ts":"2025-10-23T11:56:40.270Z","event":"client.login.handshake_token","from":"client","hasToken":true}
{"ts":"2025-10-23T11:56:40.290Z","event":"client.login.navigate_handshake","from":"client"}
{"ts":"2025-10-23T11:56:40.308Z","event":"auth.handshake.success","userId":"admin-user","role":"admin","ms":3}
{"ts":"2025-10-23T11:56:42.380Z","event":"applications.list.success","userId":"admin-user","count":0,"filters":{"status":null,"platform":null}}
{"ts":"2025-10-23T11:57:08.143Z","event":"applications.list.success","userId":"admin-user","count":0,"filters":{"status":null,"platform":null}}
{"ts":"2025-10-23T11:57:08.691Z","event":"applications.list.success","userId":"admin-user","count":0,"filters":{"status":null,"platform":null}}
{"ts":"2025-10-23T11:57:08.936Z","event":"applications.list.success","userId":"admin-user","count":0,"filters":{"status":null,"platform":null}}
{"ts":"2025-10-23T11:57:09.501Z","event":"applications.list.success","userId":"admin-user","count":0,"filters":{"status":null,"platform":null}}
{"ts":"2025-10-23T12:02:07.677Z","event":"applications.list.success","userId":"admin-user","count":0,"filters":{"status":null,"platform":null}}
{"ts":"2025-10-23T12:02:08.261Z","event":"applications.list.success","userId":"admin-user","count":0,"filters":{"status":null,"platform":null}}
{"ts":"2025-10-23T12:02:08.522Z","event":"applications.list.success","userId":"admin-user","count":0,"filters":{"status":null,"platform":null}}
{"ts":"2025-10-23T12:02:09.056Z","event":"applications.list.success","userId":"admin-user","count":0,"filters":{"status":null,"platform":null}}
{"ts":"2025-10-23T12:04:28.334Z","event":"applications.list.success","userId":"admin-user","count":0,"filters":{"status":null,"platform":null}}
{"ts":"2025-10-23T12:06:59.999Z","event":"applications.list.success","userId":"admin-user","count":0,"filters":{"status":null,"platform":null}}
{"ts":"2025-10-23T12:07:20.955Z","event":"applications.list.success","userId":"admin-user","count":0,"filters":{"status":null,"platform":null}}
{"ts":"2025-10-23T12:07:21.494Z","event":"applications.list.success","userId":"admin-user","count":0,"filters":{"status":null,"platform":null}}
{"ts":"2025-10-23T12:07:21.753Z","event":"applications.list.success","userId":"admin-user","count":0,"filters":{"status":null,"platform":null}}
{"ts":"2025-10-23T12:07:22.306Z","event":"applications.list.success","userId":"admin-user","count":0,"filters":{"status":null,"platform":null}}
{"ts":"2025-10-23T12:23:46.453Z","event":"applications.list.success","userId":"admin-user","count":0,"filters":{"status":null,"platform":null}}
{"ts":"2025-10-23T12:23:46.997Z","event":"applications.list.success","userId":"admin-user","count":0,"filters":{"status":null,"platform":null}}
{"ts":"2025-10-23T12:23:47.261Z","event":"applications.list.success","userId":"admin-user","count":0,"filters":{"status":null,"platform":null}}
{"ts":"2025-10-23T12:23:47.812Z","event":"applications.list.success","userId":"admin-user","count":0,"filters":{"status":null,"platform":null}}
{"ts":"2025-10-23T12:23:54.578Z","event":"applications.list.success","userId":"admin-user","count":0,"filters":{"status":null,"platform":null}}
{"ts":"2025-10-23T12:23:55.372Z","event":"applications.list.success","userId":"admin-user","count":0,"filters":{"status":null,"platform":null}}
{"ts":"2025-10-23T12:23:55.623Z","event":"applications.list.success","userId":"admin-user","count":0,"filters":{"status":null,"platform":null}}
{"ts":"2025-10-23T12:23:56.423Z","event":"applications.list.success","userId":"admin-user","count":0,"filters":{"status":null,"platform":null}}
{"ts":"2025-10-23T12:32:45.062Z","event":"client.login.submit","from":"client","email":"admin@metavr.com","rememberMe":false}
{"ts":"2025-10-23T12:32:45.815Z","event":"auth.login.request","ip":"::1","body":{"email":"admin@metavr.com","rememberMe":false}}
{"ts":"2025-10-23T12:32:48.137Z","event":"auth.login.handshake_issued","email":"admin@metavr.com","userId":"admin-user","role":"admin","ms":2323}
{"ts":"2025-10-23T12:32:48.145Z","event":"client.login.response","from":"client","ok":true,"status":200}
{"ts":"2025-10-23T12:32:48.156Z","event":"client.login.handshake_token","from":"client","hasToken":true}
{"ts":"2025-10-23T12:32:48.165Z","event":"client.login.navigate_handshake","from":"client"}
{"ts":"2025-10-23T12:32:48.341Z","event":"auth.handshake.success","userId":"admin-user","role":"admin","ms":3}
{"ts":"2025-10-23T12:32:51.223Z","event":"applications.list.success","userId":"admin-user","count":0,"filters":{"status":null,"platform":null}}
{"ts":"2025-10-23T12:33:25.579Z","event":"applications.list.success","userId":"admin-user","count":0,"filters":{"status":null,"platform":null}}
{"ts":"2025-10-23T12:33:26.144Z","event":"applications.list.success","userId":"admin-user","count":0,"filters":{"status":null,"platform":null}}
{"ts":"2025-10-23T12:33:26.386Z","event":"applications.list.success","userId":"admin-user","count":0,"filters":{"status":null,"platform":null}}
{"ts":"2025-10-23T12:33:26.938Z","event":"applications.list.success","userId":"admin-user","count":0,"filters":{"status":null,"platform":null}}
{"ts":"2025-10-23T12:33:35.081Z","event":"applications.create.success","userId":"admin-user","newAppId":"kz40VDqCPBMBgCSlKmBS","name":"fdwsc","platform":"desktop"}
{"ts":"2025-10-23T12:33:35.321Z","event":"applications.list.success","userId":"admin-user","count":1,"filters":{"status":null,"platform":null}}
{"ts":"2025-10-23T13:42:10.265Z","event":"applications.list.success","userId":"admin-user","count":1,"filters":{"status":null,"platform":null}}
{"ts":"2025-10-23T13:42:21.423Z","event":"applications.list.success","userId":"admin-user","count":1,"filters":{"status":null,"platform":null}}
{"ts":"2025-10-23T13:42:55.971Z","event":"applications.list.success","userId":"admin-user","count":1,"filters":{"status":null,"platform":null}}
{"ts":"2025-10-23T13:46:31.305Z","event":"applications.list.success","userId":"admin-user","count":1,"filters":{"status":null,"platform":null}}
{"ts":"2025-10-23T13:46:31.872Z","event":"applications.list.success","userId":"admin-user","count":1,"filters":{"status":null,"platform":null}}
{"ts":"2025-10-23T13:46:32.111Z","event":"applications.list.success","userId":"admin-user","count":1,"filters":{"status":null,"platform":null}}
{"ts":"2025-10-23T13:46:32.676Z","event":"applications.list.success","userId":"admin-user","count":1,"filters":{"status":null,"platform":null}}
